2025-06-25 16:45:06,641 - trading_bot - INFO - ✅ Conectado à Binance Testnet
2025-06-25 16:45:06,944 - trading_bot - INFO - ✅ Ping bem-sucedido!
2025-06-25 16:45:07,227 - trading_bot - INFO - ✅ Acesso à conta confirmado - Tipo: SPOT
2025-06-25 16:45:07,229 - trading_bot - INFO - 🚀 A inicializar o Trader Adaptativo de Alta Frequência...
2025-06-25 16:45:07,229 - trading_bot - INFO - Nenhum arquivo de dados encontrado. Baixando histórico inicial completo.
2025-06-25 16:45:07,998 - trading_bot - INFO - ✅ 300 novos registros adicionados a data/historical_data.csv
2025-06-25 16:45:08,247 - trading_bot - INFO - Modelo de Intuição Adaptativa treinado. Acurácia: 0.66
2025-06-25 16:45:08,305 - trading_bot - INFO - ✅ Modelo de Intuição Adaptativa salvo com sucesso.
2025-06-25 16:45:08,305 - trading_bot - INFO - ✅ Bot inicializado com sucesso!
2025-06-25 16:45:08,306 - trading_bot - INFO - --- 🔄 Ciclo 1/500 ---
2025-06-25 16:45:09,093 - trading_bot - INFO - 💹 Preço BTC: $107,624.97
2025-06-25 16:45:09,136 - trading_bot - INFO - Intuição ML -> Compra: 1.34x, Venda: 2.06x | Metas -> Lucro: 0.058%, Queda: 0.134%
2025-06-25 16:45:09,137 - trading_bot - INFO - 🎯 COMPRA ESTRATÉGICA: 0.00013937 BTC. Nova Média de Custo: $107,624.97
2025-06-25 16:45:09,143 - trading_bot - INFO - Portfólio: $100.00 | USDT: 85.00 | BTC: 0.00013937 | Custo Médio: $107,624.97
2025-06-25 16:45:14,143 - trading_bot - INFO - --- 🔄 Ciclo 2/500 ---
2025-06-25 16:45:14,427 - trading_bot - INFO - 💹 Preço BTC: $107,671.61
2025-06-25 16:45:14,467 - trading_bot - INFO - Intuição ML -> Compra: 1.28x, Venda: 2.08x | Metas -> Lucro: 0.058%, Queda: 0.141%
2025-06-25 16:45:14,467 - trading_bot - INFO - Posição aberta. P/L atual: +0.04%
2025-06-25 16:45:14,467 - trading_bot - INFO - Portfólio: $100.01 | USDT: 85.00 | BTC: 0.00013937 | Custo Médio: $107,624.97
2025-06-25 16:45:19,467 - trading_bot - INFO - --- 🔄 Ciclo 3/500 ---
2025-06-25 16:45:19,747 - trading_bot - INFO - 💹 Preço BTC: $107,671.61
2025-06-25 16:45:19,785 - trading_bot - INFO - Intuição ML -> Compra: 1.28x, Venda: 2.08x | Metas -> Lucro: 0.058%, Queda: 0.141%
2025-06-25 16:45:19,785 - trading_bot - INFO - Posição aberta. P/L atual: +0.04%
2025-06-25 16:45:19,785 - trading_bot - INFO - Portfólio: $100.01 | USDT: 85.00 | BTC: 0.00013937 | Custo Médio: $107,624.97
2025-06-25 16:45:24,786 - trading_bot - INFO - --- 🔄 Ciclo 4/500 ---
2025-06-25 16:45:25,082 - trading_bot - INFO - 💹 Preço BTC: $107,671.61
2025-06-25 16:45:25,122 - trading_bot - INFO - Intuição ML -> Compra: 1.28x, Venda: 2.08x | Metas -> Lucro: 0.058%, Queda: 0.141%
2025-06-25 16:45:25,122 - trading_bot - INFO - Posição aberta. P/L atual: +0.04%
2025-06-25 16:45:25,122 - trading_bot - INFO - Portfólio: $100.01 | USDT: 85.00 | BTC: 0.00013937 | Custo Médio: $107,624.97
2025-06-25 16:45:30,123 - trading_bot - INFO - --- 🔄 Ciclo 5/500 ---
2025-06-25 16:45:30,401 - trading_bot - INFO - 💹 Preço BTC: $107,671.61
2025-06-25 16:45:30,439 - trading_bot - INFO - Intuição ML -> Compra: 1.28x, Venda: 2.08x | Metas -> Lucro: 0.058%, Queda: 0.141%
2025-06-25 16:45:30,440 - trading_bot - INFO - Posição aberta. P/L atual: +0.04%
2025-06-25 16:45:30,440 - trading_bot - INFO - Portfólio: $100.01 | USDT: 85.00 | BTC: 0.00013937 | Custo Médio: $107,624.97
2025-06-25 16:45:35,440 - trading_bot - INFO - --- 🔄 Ciclo 6/500 ---
2025-06-25 16:45:35,717 - trading_bot - INFO - 💹 Preço BTC: $107,671.61
2025-06-25 16:45:35,761 - trading_bot - INFO - Intuição ML -> Compra: 1.28x, Venda: 2.08x | Metas -> Lucro: 0.058%, Queda: 0.141%
2025-06-25 16:45:35,761 - trading_bot - INFO - Posição aberta. P/L atual: +0.04%
2025-06-25 16:45:35,762 - trading_bot - INFO - Portfólio: $100.01 | USDT: 85.00 | BTC: 0.00013937 | Custo Médio: $107,624.97
2025-06-25 16:45:40,763 - trading_bot - INFO - --- 🔄 Ciclo 7/500 ---
2025-06-25 16:45:41,560 - trading_bot - INFO - 💹 Preço BTC: $107,679.31
2025-06-25 16:45:41,597 - trading_bot - INFO - Intuição ML -> Compra: 1.28x, Venda: 2.08x | Metas -> Lucro: 0.058%, Queda: 0.141%
2025-06-25 16:45:41,597 - trading_bot - INFO - Posição aberta. P/L atual: +0.05%
2025-06-25 16:45:41,598 - trading_bot - INFO - Portfólio: $100.01 | USDT: 85.00 | BTC: 0.00013937 | Custo Médio: $107,624.97
2025-06-25 16:45:46,598 - trading_bot - INFO - --- 🔄 Ciclo 8/500 ---
2025-06-25 16:45:46,879 - trading_bot - INFO - 💹 Preço BTC: $107,679.31
2025-06-25 16:45:46,932 - trading_bot - INFO - Intuição ML -> Compra: 1.28x, Venda: 2.08x | Metas -> Lucro: 0.058%, Queda: 0.141%
2025-06-25 16:45:46,932 - trading_bot - INFO - Posição aberta. P/L atual: +0.05%
2025-06-25 16:45:46,932 - trading_bot - INFO - Portfólio: $100.01 | USDT: 85.00 | BTC: 0.00013937 | Custo Médio: $107,624.97
2025-06-25 16:45:51,933 - trading_bot - INFO - --- 🔄 Ciclo 9/500 ---
2025-06-25 16:45:52,205 - trading_bot - INFO - 💹 Preço BTC: $107,684.50
2025-06-25 16:45:52,248 - trading_bot - INFO - Intuição ML -> Compra: 1.28x, Venda: 2.08x | Metas -> Lucro: 0.058%, Queda: 0.141%
2025-06-25 16:45:52,248 - trading_bot - INFO - Posição aberta. P/L atual: +0.06%
2025-06-25 16:45:52,249 - trading_bot - INFO - Portfólio: $100.01 | USDT: 85.00 | BTC: 0.00013937 | Custo Médio: $107,624.97
2025-06-25 16:45:57,249 - trading_bot - INFO - --- 🔄 Ciclo 10/500 ---
2025-06-25 16:45:57,539 - trading_bot - INFO - 💹 Preço BTC: $107,675.30
2025-06-25 16:45:57,589 - trading_bot - INFO - Intuição ML -> Compra: 1.28x, Venda: 2.08x | Metas -> Lucro: 0.058%, Queda: 0.141%
2025-06-25 16:45:57,589 - trading_bot - INFO - Posição aberta. P/L atual: +0.05%
2025-06-25 16:45:57,589 - trading_bot - INFO - Portfólio: $100.01 | USDT: 85.00 | BTC: 0.00013937 | Custo Médio: $107,624.97
2025-06-25 16:46:02,590 - trading_bot - INFO - --- 🔄 Ciclo 11/500 ---
2025-06-25 16:46:02,905 - trading_bot - INFO - 💹 Preço BTC: $107,679.30
2025-06-25 16:46:02,955 - trading_bot - INFO - Intuição ML -> Compra: 1.28x, Venda: 2.08x | Metas -> Lucro: 0.058%, Queda: 0.141%
2025-06-25 16:46:02,955 - trading_bot - INFO - Posição aberta. P/L atual: +0.05%
2025-06-25 16:46:02,955 - trading_bot - INFO - Portfólio: $100.01 | USDT: 85.00 | BTC: 0.00013937 | Custo Médio: $107,624.97
2025-06-25 16:46:07,956 - trading_bot - INFO - --- 🔄 Ciclo 12/500 ---
2025-06-25 16:46:08,234 - trading_bot - INFO - 💹 Preço BTC: $107,681.50
2025-06-25 16:46:08,275 - trading_bot - INFO - Intuição ML -> Compra: 1.28x, Venda: 2.08x | Metas -> Lucro: 0.058%, Queda: 0.141%
2025-06-25 16:46:08,275 - trading_bot - INFO - Posição aberta. P/L atual: +0.05%
2025-06-25 16:46:08,276 - trading_bot - INFO - Portfólio: $100.01 | USDT: 85.00 | BTC: 0.00013937 | Custo Médio: $107,624.97
2025-06-25 16:46:13,276 - trading_bot - INFO - --- 🔄 Ciclo 13/500 ---
2025-06-25 16:46:13,551 - trading_bot - INFO - 💹 Preço BTC: $107,690.70
2025-06-25 16:46:13,590 - trading_bot - INFO - Intuição ML -> Compra: 1.28x, Venda: 2.08x | Metas -> Lucro: 0.058%, Queda: 0.141%
2025-06-25 16:46:13,590 - trading_bot - INFO - 🎯 VENDA LUCRATIVA: 0.00013937 BTC. Razão: Lucro de 0.06%
2025-06-25 16:46:13,591 - trading_bot - INFO - Portfólio: $100.01 | USDT: 100.01 | BTC: 0.00000000 | Custo Médio: $0.00
2025-06-25 16:46:18,592 - trading_bot - INFO - --- 🔄 Ciclo 14/500 ---
2025-06-25 16:46:18,872 - trading_bot - INFO - 💹 Preço BTC: $107,698.92
2025-06-25 16:46:18,915 - trading_bot - INFO - Intuição ML -> Compra: 1.28x, Venda: 2.08x | Metas -> Lucro: 0.058%, Queda: 0.141%
2025-06-25 16:46:18,916 - trading_bot - INFO - 🎯 COMPRA ESTRATÉGICA: 0.00013929 BTC. Nova Média de Custo: $107,698.92
2025-06-25 16:46:18,917 - trading_bot - INFO - Portfólio: $100.01 | USDT: 85.01 | BTC: 0.00013929 | Custo Médio: $107,698.92
2025-06-25 16:46:23,917 - trading_bot - INFO - --- 🔄 Ciclo 15/500 ---
2025-06-25 16:46:24,199 - trading_bot - INFO - 💹 Preço BTC: $107,698.92
2025-06-25 16:46:24,242 - trading_bot - INFO - Intuição ML -> Compra: 1.28x, Venda: 2.08x | Metas -> Lucro: 0.058%, Queda: 0.141%
2025-06-25 16:46:24,242 - trading_bot - INFO - Posição aberta. P/L atual: +0.00%
2025-06-25 16:46:24,243 - trading_bot - INFO - Portfólio: $100.01 | USDT: 85.01 | BTC: 0.00013929 | Custo Médio: $107,698.92
2025-06-25 16:46:29,244 - trading_bot - INFO - --- 🔄 Ciclo 16/500 ---
2025-06-25 16:46:29,523 - trading_bot - INFO - 💹 Preço BTC: $107,696.56
2025-06-25 16:46:29,569 - trading_bot - INFO - Intuição ML -> Compra: 1.28x, Venda: 2.08x | Metas -> Lucro: 0.058%, Queda: 0.141%
2025-06-25 16:46:29,569 - trading_bot - INFO - Posição aberta. P/L atual: -0.00%
2025-06-25 16:46:29,569 - trading_bot - INFO - Portfólio: $100.01 | USDT: 85.01 | BTC: 0.00013929 | Custo Médio: $107,698.92
2025-06-25 16:46:34,570 - trading_bot - INFO - --- 🔄 Ciclo 17/500 ---
2025-06-25 16:46:34,845 - trading_bot - INFO - 💹 Preço BTC: $107,696.58
2025-06-25 16:46:34,900 - trading_bot - INFO - Intuição ML -> Compra: 1.28x, Venda: 2.08x | Metas -> Lucro: 0.058%, Queda: 0.141%
2025-06-25 16:46:34,901 - trading_bot - INFO - Posição aberta. P/L atual: -0.00%
2025-06-25 16:46:34,901 - trading_bot - INFO - Portfólio: $100.01 | USDT: 85.01 | BTC: 0.00013929 | Custo Médio: $107,698.92
2025-06-25 16:46:39,902 - trading_bot - INFO - --- 🔄 Ciclo 18/500 ---
2025-06-25 16:46:40,214 - trading_bot - INFO - 💹 Preço BTC: $107,696.60
2025-06-25 16:46:40,262 - trading_bot - INFO - Intuição ML -> Compra: 1.28x, Venda: 2.08x | Metas -> Lucro: 0.058%, Queda: 0.141%
2025-06-25 16:46:40,263 - trading_bot - INFO - Posição aberta. P/L atual: -0.00%
2025-06-25 16:46:40,263 - trading_bot - INFO - Portfólio: $100.01 | USDT: 85.01 | BTC: 0.00013929 | Custo Médio: $107,698.92
2025-06-25 16:46:45,263 - trading_bot - INFO - --- 🔄 Ciclo 19/500 ---
2025-06-25 16:46:45,543 - trading_bot - INFO - 💹 Preço BTC: $107,696.69
2025-06-25 16:46:45,587 - trading_bot - INFO - Intuição ML -> Compra: 1.28x, Venda: 2.08x | Metas -> Lucro: 0.058%, Queda: 0.141%
2025-06-25 16:46:45,587 - trading_bot - INFO - Posição aberta. P/L atual: -0.00%
2025-06-25 16:46:45,587 - trading_bot - INFO - Portfólio: $100.01 | USDT: 85.01 | BTC: 0.00013929 | Custo Médio: $107,698.92
2025-06-25 16:46:50,588 - trading_bot - INFO - --- 🔄 Ciclo 20/500 ---
2025-06-25 16:46:50,864 - trading_bot - INFO - 💹 Preço BTC: $107,690.70
2025-06-25 16:46:50,909 - trading_bot - INFO - Intuição ML -> Compra: 1.28x, Venda: 2.08x | Metas -> Lucro: 0.058%, Queda: 0.141%
2025-06-25 16:46:50,910 - trading_bot - INFO - Posição aberta. P/L atual: -0.01%
2025-06-25 16:46:50,910 - trading_bot - INFO - Portfólio: $100.01 | USDT: 85.01 | BTC: 0.00013929 | Custo Médio: $107,698.92
2025-06-25 16:46:55,911 - trading_bot - INFO - --- 🔄 Ciclo 21/500 ---
2025-06-25 16:46:56,188 - trading_bot - INFO - 💹 Preço BTC: $107,700.59
2025-06-25 16:46:56,237 - trading_bot - INFO - Intuição ML -> Compra: 1.28x, Venda: 2.08x | Metas -> Lucro: 0.058%, Queda: 0.141%
2025-06-25 16:46:56,237 - trading_bot - INFO - Posição aberta. P/L atual: +0.00%
2025-06-25 16:46:56,237 - trading_bot - INFO - Portfólio: $100.01 | USDT: 85.01 | BTC: 0.00013929 | Custo Médio: $107,698.92
2025-06-25 16:47:01,238 - trading_bot - INFO - --- 🔄 Ciclo 22/500 ---
2025-06-25 16:47:01,515 - trading_bot - INFO - 💹 Preço BTC: $107,715.99
2025-06-25 16:47:01,553 - trading_bot - INFO - Intuição ML -> Compra: 1.28x, Venda: 2.08x | Metas -> Lucro: 0.058%, Queda: 0.141%
2025-06-25 16:47:01,553 - trading_bot - INFO - Posição aberta. P/L atual: +0.02%
2025-06-25 16:47:01,553 - trading_bot - INFO - Portfólio: $100.01 | USDT: 85.01 | BTC: 0.00013929 | Custo Médio: $107,698.92
2025-06-25 16:47:06,554 - trading_bot - INFO - --- 🔄 Ciclo 23/500 ---
2025-06-25 16:47:06,832 - trading_bot - INFO - 💹 Preço BTC: $107,714.09
2025-06-25 16:47:06,880 - trading_bot - INFO - Intuição ML -> Compra: 1.28x, Venda: 2.08x | Metas -> Lucro: 0.058%, Queda: 0.141%
2025-06-25 16:47:06,880 - trading_bot - INFO - Posição aberta. P/L atual: +0.01%
2025-06-25 16:47:06,880 - trading_bot - INFO - Portfólio: $100.01 | USDT: 85.01 | BTC: 0.00013929 | Custo Médio: $107,698.92
2025-06-25 16:47:11,881 - trading_bot - INFO - --- 🔄 Ciclo 24/500 ---
2025-06-25 16:47:12,157 - trading_bot - INFO - 💹 Preço BTC: $107,723.00
2025-06-25 16:47:12,195 - trading_bot - INFO - Intuição ML -> Compra: 1.28x, Venda: 2.08x | Metas -> Lucro: 0.058%, Queda: 0.141%
2025-06-25 16:47:12,196 - trading_bot - INFO - Posição aberta. P/L atual: +0.02%
2025-06-25 16:47:12,196 - trading_bot - INFO - Portfólio: $100.01 | USDT: 85.01 | BTC: 0.00013929 | Custo Médio: $107,698.92
2025-06-25 16:47:17,196 - trading_bot - INFO - --- 🔄 Ciclo 25/500 ---
2025-06-25 16:47:17,473 - trading_bot - INFO - 💹 Preço BTC: $107,723.00
2025-06-25 16:47:17,515 - trading_bot - INFO - Intuição ML -> Compra: 1.28x, Venda: 2.08x | Metas -> Lucro: 0.058%, Queda: 0.141%
2025-06-25 16:47:17,515 - trading_bot - INFO - Posição aberta. P/L atual: +0.02%
2025-06-25 16:47:17,515 - trading_bot - INFO - Portfólio: $100.01 | USDT: 85.01 | BTC: 0.00013929 | Custo Médio: $107,698.92
2025-06-25 16:47:22,516 - trading_bot - INFO - --- 🔄 Ciclo 26/500 ---
2025-06-25 16:47:22,796 - trading_bot - INFO - 💹 Preço BTC: $107,637.25
2025-06-25 16:47:22,846 - trading_bot - INFO - Intuição ML -> Compra: 1.32x, Venda: 2.08x | Metas -> Lucro: 0.058%, Queda: 0.136%
2025-06-25 16:47:22,846 - trading_bot - INFO - Posição aberta. P/L atual: -0.06%
2025-06-25 16:47:22,846 - trading_bot - INFO - Portfólio: $100.00 | USDT: 85.01 | BTC: 0.00013929 | Custo Médio: $107,698.92
2025-06-25 16:47:27,847 - trading_bot - INFO - --- 🔄 Ciclo 27/500 ---
2025-06-25 16:47:28,125 - trading_bot - INFO - 💹 Preço BTC: $107,640.42
2025-06-25 16:47:28,172 - trading_bot - INFO - Intuição ML -> Compra: 1.32x, Venda: 2.08x | Metas -> Lucro: 0.058%, Queda: 0.136%
2025-06-25 16:47:28,172 - trading_bot - INFO - Posição aberta. P/L atual: -0.05%
2025-06-25 16:47:28,172 - trading_bot - INFO - Portfólio: $100.00 | USDT: 85.01 | BTC: 0.00013929 | Custo Médio: $107,698.92
2025-06-25 16:47:33,173 - trading_bot - INFO - --- 🔄 Ciclo 28/500 ---
2025-06-25 16:47:33,446 - trading_bot - INFO - 💹 Preço BTC: $107,648.77
2025-06-25 16:47:33,485 - trading_bot - INFO - Intuição ML -> Compra: 1.32x, Venda: 2.08x | Metas -> Lucro: 0.058%, Queda: 0.136%
2025-06-25 16:47:33,486 - trading_bot - INFO - Posição aberta. P/L atual: -0.05%
2025-06-25 16:47:33,486 - trading_bot - INFO - Portfólio: $100.00 | USDT: 85.01 | BTC: 0.00013929 | Custo Médio: $107,698.92
2025-06-25 16:47:38,486 - trading_bot - INFO - --- 🔄 Ciclo 29/500 ---
2025-06-25 16:47:38,767 - trading_bot - INFO - 💹 Preço BTC: $107,632.20
2025-06-25 16:47:38,814 - trading_bot - INFO - Intuição ML -> Compra: 1.34x, Venda: 2.06x | Metas -> Lucro: 0.058%, Queda: 0.134%
2025-06-25 16:47:38,815 - trading_bot - INFO - Posição aberta. P/L atual: -0.06%
2025-06-25 16:47:38,815 - trading_bot - INFO - Portfólio: $100.00 | USDT: 85.01 | BTC: 0.00013929 | Custo Médio: $107,698.92
2025-06-25 16:47:43,815 - trading_bot - INFO - --- 🔄 Ciclo 30/500 ---
2025-06-25 16:47:44,099 - trading_bot - INFO - 💹 Preço BTC: $107,632.20
2025-06-25 16:47:44,143 - trading_bot - INFO - Intuição ML -> Compra: 1.34x, Venda: 2.06x | Metas -> Lucro: 0.058%, Queda: 0.134%
2025-06-25 16:47:44,144 - trading_bot - INFO - Posição aberta. P/L atual: -0.06%
2025-06-25 16:47:44,144 - trading_bot - INFO - Portfólio: $100.00 | USDT: 85.01 | BTC: 0.00013929 | Custo Médio: $107,698.92
2025-06-25 16:47:49,144 - trading_bot - INFO - --- 🔄 Ciclo 31/500 ---
2025-06-25 16:47:49,422 - trading_bot - INFO - 💹 Preço BTC: $107,648.77
2025-06-25 16:47:49,468 - trading_bot - INFO - Intuição ML -> Compra: 1.32x, Venda: 2.08x | Metas -> Lucro: 0.058%, Queda: 0.136%
2025-06-25 16:47:49,468 - trading_bot - INFO - Posição aberta. P/L atual: -0.05%
2025-06-25 16:47:49,468 - trading_bot - INFO - Portfólio: $100.00 | USDT: 85.01 | BTC: 0.00013929 | Custo Médio: $107,698.92
2025-06-25 16:47:54,469 - trading_bot - INFO - --- 🔄 Ciclo 32/500 ---
2025-06-25 16:47:54,749 - trading_bot - INFO - 💹 Preço BTC: $107,649.93
2025-06-25 16:47:54,795 - trading_bot - INFO - Intuição ML -> Compra: 1.32x, Venda: 2.08x | Metas -> Lucro: 0.058%, Queda: 0.136%
2025-06-25 16:47:54,796 - trading_bot - INFO - Posição aberta. P/L atual: -0.05%
2025-06-25 16:47:54,796 - trading_bot - INFO - Portfólio: $100.00 | USDT: 85.01 | BTC: 0.00013929 | Custo Médio: $107,698.92
2025-06-25 16:47:59,796 - trading_bot - INFO - --- 🔄 Ciclo 33/500 ---
2025-06-25 16:48:00,081 - trading_bot - INFO - 💹 Preço BTC: $107,632.20
2025-06-25 16:48:00,118 - trading_bot - INFO - Intuição ML -> Compra: 1.34x, Venda: 2.06x | Metas -> Lucro: 0.058%, Queda: 0.134%
2025-06-25 16:48:00,119 - trading_bot - INFO - Posição aberta. P/L atual: -0.06%
2025-06-25 16:48:00,119 - trading_bot - INFO - Portfólio: $100.00 | USDT: 85.01 | BTC: 0.00013929 | Custo Médio: $107,698.92
2025-06-25 16:48:05,119 - trading_bot - INFO - --- 🔄 Ciclo 34/500 ---
2025-06-25 16:48:05,412 - trading_bot - INFO - 💹 Preço BTC: $107,640.19
2025-06-25 16:48:05,450 - trading_bot - INFO - Intuição ML -> Compra: 1.32x, Venda: 2.08x | Metas -> Lucro: 0.058%, Queda: 0.136%
2025-06-25 16:48:05,450 - trading_bot - INFO - Posição aberta. P/L atual: -0.05%
2025-06-25 16:48:05,451 - trading_bot - INFO - Portfólio: $100.00 | USDT: 85.01 | BTC: 0.00013929 | Custo Médio: $107,698.92
2025-06-25 16:48:10,451 - trading_bot - INFO - --- 🔄 Ciclo 35/500 ---
2025-06-25 16:48:10,726 - trading_bot - INFO - 💹 Preço BTC: $107,654.98
2025-06-25 16:48:10,781 - trading_bot - INFO - Intuição ML -> Compra: 1.28x, Venda: 2.08x | Metas -> Lucro: 0.058%, Queda: 0.141%
2025-06-25 16:48:10,782 - trading_bot - INFO - Posição aberta. P/L atual: -0.04%
2025-06-25 16:48:10,782 - trading_bot - INFO - Portfólio: $100.00 | USDT: 85.01 | BTC: 0.00013929 | Custo Médio: $107,698.92
2025-06-25 16:48:15,783 - trading_bot - INFO - --- 🔄 Ciclo 36/500 ---
2025-06-25 16:48:16,072 - trading_bot - INFO - 💹 Preço BTC: $107,654.98
2025-06-25 16:48:16,114 - trading_bot - INFO - Intuição ML -> Compra: 1.28x, Venda: 2.08x | Metas -> Lucro: 0.058%, Queda: 0.141%
2025-06-25 16:48:16,114 - trading_bot - INFO - Posição aberta. P/L atual: -0.04%
2025-06-25 16:48:16,114 - trading_bot - INFO - Portfólio: $100.00 | USDT: 85.01 | BTC: 0.00013929 | Custo Médio: $107,698.92
2025-06-25 16:48:21,115 - trading_bot - INFO - --- 🔄 Ciclo 37/500 ---
2025-06-25 16:48:21,389 - trading_bot - INFO - 💹 Preço BTC: $107,659.23
2025-06-25 16:48:21,455 - trading_bot - INFO - Intuição ML -> Compra: 1.28x, Venda: 2.08x | Metas -> Lucro: 0.058%, Queda: 0.141%
2025-06-25 16:48:21,456 - trading_bot - INFO - Posição aberta. P/L atual: -0.04%
2025-06-25 16:48:21,457 - trading_bot - INFO - Portfólio: $100.00 | USDT: 85.01 | BTC: 0.00013929 | Custo Médio: $107,698.92
2025-06-25 16:48:26,458 - trading_bot - INFO - --- 🔄 Ciclo 38/500 ---
2025-06-25 16:48:26,726 - trading_bot - INFO - 💹 Preço BTC: $107,681.20
2025-06-25 16:48:26,764 - trading_bot - INFO - Intuição ML -> Compra: 1.28x, Venda: 2.08x | Metas -> Lucro: 0.058%, Queda: 0.141%
2025-06-25 16:48:26,764 - trading_bot - INFO - Posição aberta. P/L atual: -0.02%
2025-06-25 16:48:26,764 - trading_bot - INFO - Portfólio: $100.01 | USDT: 85.01 | BTC: 0.00013929 | Custo Médio: $107,698.92
2025-06-25 16:48:31,765 - trading_bot - INFO - --- 🔄 Ciclo 39/500 ---
2025-06-25 16:48:32,045 - trading_bot - INFO - 💹 Preço BTC: $107,695.99
2025-06-25 16:48:32,086 - trading_bot - INFO - Intuição ML -> Compra: 1.28x, Venda: 2.08x | Metas -> Lucro: 0.058%, Queda: 0.141%
2025-06-25 16:48:32,086 - trading_bot - INFO - Posição aberta. P/L atual: -0.00%
2025-06-25 16:48:32,086 - trading_bot - INFO - Portfólio: $100.01 | USDT: 85.01 | BTC: 0.00013929 | Custo Médio: $107,698.92
2025-06-25 16:48:37,087 - trading_bot - INFO - --- 🔄 Ciclo 40/500 ---
2025-06-25 16:48:37,368 - trading_bot - INFO - 💹 Preço BTC: $107,743.27
2025-06-25 16:48:37,416 - trading_bot - INFO - Intuição ML -> Compra: 1.30x, Venda: 2.06x | Metas -> Lucro: 0.058%, Queda: 0.139%
2025-06-25 16:48:37,417 - trading_bot - INFO - Posição aberta. P/L atual: +0.04%
2025-06-25 16:48:37,417 - trading_bot - INFO - Portfólio: $100.02 | USDT: 85.01 | BTC: 0.00013929 | Custo Médio: $107,698.92
2025-06-25 16:48:42,418 - trading_bot - INFO - --- 🔄 Ciclo 41/500 ---
2025-06-25 16:48:42,704 - trading_bot - INFO - 💹 Preço BTC: $107,723.41
2025-06-25 16:48:42,754 - trading_bot - INFO - Intuição ML -> Compra: 1.28x, Venda: 2.08x | Metas -> Lucro: 0.058%, Queda: 0.141%
2025-06-25 16:48:42,754 - trading_bot - INFO - Posição aberta. P/L atual: +0.02%
2025-06-25 16:48:42,754 - trading_bot - INFO - Portfólio: $100.01 | USDT: 85.01 | BTC: 0.00013929 | Custo Médio: $107,698.92
2025-06-25 16:48:47,755 - trading_bot - INFO - --- 🔄 Ciclo 42/500 ---
2025-06-25 16:48:48,036 - trading_bot - INFO - 💹 Preço BTC: $107,723.40
2025-06-25 16:48:48,074 - trading_bot - INFO - Intuição ML -> Compra: 1.28x, Venda: 2.08x | Metas -> Lucro: 0.058%, Queda: 0.141%
2025-06-25 16:48:48,075 - trading_bot - INFO - Posição aberta. P/L atual: +0.02%
2025-06-25 16:48:48,075 - trading_bot - INFO - Portfólio: $100.01 | USDT: 85.01 | BTC: 0.00013929 | Custo Médio: $107,698.92
2025-06-25 16:48:53,075 - trading_bot - INFO - --- 🔄 Ciclo 43/500 ---
2025-06-25 16:48:53,355 - trading_bot - INFO - 💹 Preço BTC: $107,723.41
2025-06-25 16:48:53,401 - trading_bot - INFO - Intuição ML -> Compra: 1.28x, Venda: 2.08x | Metas -> Lucro: 0.058%, Queda: 0.141%
2025-06-25 16:48:53,401 - trading_bot - INFO - Posição aberta. P/L atual: +0.02%
2025-06-25 16:48:53,401 - trading_bot - INFO - Portfólio: $100.01 | USDT: 85.01 | BTC: 0.00013929 | Custo Médio: $107,698.92
2025-06-25 16:48:58,402 - trading_bot - INFO - --- 🔄 Ciclo 44/500 ---
2025-06-25 16:48:58,791 - trading_bot - INFO - 💹 Preço BTC: $107,723.42
2025-06-25 16:48:58,850 - trading_bot - INFO - Intuição ML -> Compra: 1.28x, Venda: 2.08x | Metas -> Lucro: 0.058%, Queda: 0.141%
2025-06-25 16:48:58,850 - trading_bot - INFO - Posição aberta. P/L atual: +0.02%
2025-06-25 16:48:58,851 - trading_bot - INFO - Portfólio: $100.01 | USDT: 85.01 | BTC: 0.00013929 | Custo Médio: $107,698.92
2025-06-25 16:49:03,851 - trading_bot - INFO - --- 🔄 Ciclo 45/500 ---
2025-06-25 16:49:04,128 - trading_bot - INFO - 💹 Preço BTC: $107,723.40
2025-06-25 16:49:04,175 - trading_bot - INFO - Intuição ML -> Compra: 1.28x, Venda: 2.08x | Metas -> Lucro: 0.058%, Queda: 0.141%
2025-06-25 16:49:04,175 - trading_bot - INFO - Posição aberta. P/L atual: +0.02%
2025-06-25 16:49:04,175 - trading_bot - INFO - Portfólio: $100.01 | USDT: 85.01 | BTC: 0.00013929 | Custo Médio: $107,698.92
2025-06-25 16:49:09,175 - trading_bot - INFO - --- 🔄 Ciclo 46/500 ---
2025-06-25 16:49:09,450 - trading_bot - INFO - 💹 Preço BTC: $107,726.75
2025-06-25 16:49:09,506 - trading_bot - INFO - Intuição ML -> Compra: 1.28x, Venda: 2.08x | Metas -> Lucro: 0.058%, Queda: 0.141%
2025-06-25 16:49:09,507 - trading_bot - INFO - Posição aberta. P/L atual: +0.03%
2025-06-25 16:49:09,507 - trading_bot - INFO - Portfólio: $100.01 | USDT: 85.01 | BTC: 0.00013929 | Custo Médio: $107,698.92
2025-06-25 16:49:14,508 - trading_bot - INFO - --- 🔄 Ciclo 47/500 ---
2025-06-25 16:49:14,777 - trading_bot - INFO - 💹 Preço BTC: $107,744.84
2025-06-25 16:49:14,829 - trading_bot - INFO - Intuição ML -> Compra: 1.30x, Venda: 2.06x | Metas -> Lucro: 0.058%, Queda: 0.139%
2025-06-25 16:49:14,829 - trading_bot - INFO - Posição aberta. P/L atual: +0.04%
2025-06-25 16:49:14,830 - trading_bot - INFO - Portfólio: $100.02 | USDT: 85.01 | BTC: 0.00013929 | Custo Médio: $107,698.92
2025-06-25 16:49:19,830 - trading_bot - INFO - --- 🔄 Ciclo 48/500 ---
2025-06-25 16:49:20,109 - trading_bot - INFO - 💹 Preço BTC: $107,744.85
2025-06-25 16:49:20,170 - trading_bot - INFO - Intuição ML -> Compra: 1.30x, Venda: 2.06x | Metas -> Lucro: 0.058%, Queda: 0.139%
2025-06-25 16:49:20,170 - trading_bot - INFO - Posição aberta. P/L atual: +0.04%
2025-06-25 16:49:20,171 - trading_bot - INFO - Portfólio: $100.02 | USDT: 85.01 | BTC: 0.00013929 | Custo Médio: $107,698.92
2025-06-25 16:49:25,171 - trading_bot - INFO - --- 🔄 Ciclo 49/500 ---
2025-06-25 16:49:25,466 - trading_bot - INFO - 💹 Preço BTC: $107,726.75
2025-06-25 16:49:25,509 - trading_bot - INFO - Intuição ML -> Compra: 1.28x, Venda: 2.08x | Metas -> Lucro: 0.058%, Queda: 0.141%
2025-06-25 16:49:25,509 - trading_bot - INFO - Posição aberta. P/L atual: +0.03%
2025-06-25 16:49:25,510 - trading_bot - INFO - Portfólio: $100.01 | USDT: 85.01 | BTC: 0.00013929 | Custo Médio: $107,698.92
2025-06-25 16:49:30,510 - trading_bot - INFO - --- 🔄 Ciclo 50/500 ---
2025-06-25 16:49:30,793 - trading_bot - INFO - 💹 Preço BTC: $107,740.85
2025-06-25 16:49:30,845 - trading_bot - INFO - Intuição ML -> Compra: 1.30x, Venda: 2.06x | Metas -> Lucro: 0.058%, Queda: 0.139%
2025-06-25 16:49:30,845 - trading_bot - INFO - Posição aberta. P/L atual: +0.04%
2025-06-25 16:49:30,846 - trading_bot - INFO - Portfólio: $100.02 | USDT: 85.01 | BTC: 0.00013929 | Custo Médio: $107,698.92
2025-06-25 16:49:30,848 - trading_bot - INFO - Arquivo de dados existente. Buscando novos dados a partir de 2025-06-25 19:00:00
2025-06-25 16:49:31,422 - trading_bot - INFO - ✅ 1 novos registros adicionados a data/historical_data.csv
2025-06-25 16:49:31,721 - trading_bot - INFO - Modelo de Intuição Adaptativa treinado. Acurácia: 0.66
2025-06-25 16:49:31,777 - trading_bot - INFO - ✅ Modelo de Intuição Adaptativa salvo com sucesso.
2025-06-25 16:49:36,778 - trading_bot - INFO - --- 🔄 Ciclo 51/500 ---
2025-06-25 16:49:37,052 - trading_bot - INFO - 💹 Preço BTC: $107,797.52
2025-06-25 16:49:37,093 - trading_bot - INFO - Intuição ML -> Compra: 1.34x, Venda: 1.74x | Metas -> Lucro: 0.069%, Queda: 0.134%
2025-06-25 16:49:37,093 - trading_bot - INFO - 🎯 VENDA LUCRATIVA: 0.00013929 BTC. Razão: Lucro de 0.09%
2025-06-25 16:49:37,095 - trading_bot - INFO - Portfólio: $100.02 | USDT: 100.02 | BTC: 0.00000000 | Custo Médio: $0.00
2025-06-25 16:49:42,096 - trading_bot - INFO - --- 🔄 Ciclo 52/500 ---
2025-06-25 16:49:42,368 - trading_bot - INFO - 💹 Preço BTC: $107,779.20
2025-06-25 16:49:42,421 - trading_bot - INFO - Intuição ML -> Compra: 1.34x, Venda: 1.74x | Metas -> Lucro: 0.069%, Queda: 0.134%
2025-06-25 16:49:42,422 - trading_bot - INFO - 🎯 COMPRA ESTRATÉGICA: 0.00013921 BTC. Nova Média de Custo: $107,779.20
2025-06-25 16:49:42,424 - trading_bot - INFO - Portfólio: $100.02 | USDT: 85.02 | BTC: 0.00013921 | Custo Médio: $107,779.20
2025-06-25 16:49:47,424 - trading_bot - INFO - --- 🔄 Ciclo 53/500 ---
2025-06-25 16:49:47,700 - trading_bot - INFO - 💹 Preço BTC: $107,779.19
2025-06-25 16:49:47,750 - trading_bot - INFO - Intuição ML -> Compra: 1.34x, Venda: 1.74x | Metas -> Lucro: 0.069%, Queda: 0.134%
2025-06-25 16:49:47,751 - trading_bot - INFO - Posição aberta. P/L atual: -0.00%
2025-06-25 16:49:47,751 - trading_bot - INFO - Portfólio: $100.02 | USDT: 85.02 | BTC: 0.00013921 | Custo Médio: $107,779.20
2025-06-25 16:49:52,752 - trading_bot - INFO - --- 🔄 Ciclo 54/500 ---
2025-06-25 16:49:53,019 - trading_bot - INFO - 💹 Preço BTC: $107,783.38
2025-06-25 16:49:53,069 - trading_bot - INFO - Intuição ML -> Compra: 1.34x, Venda: 1.74x | Metas -> Lucro: 0.069%, Queda: 0.134%
2025-06-25 16:49:53,070 - trading_bot - INFO - Posição aberta. P/L atual: +0.00%
2025-06-25 16:49:53,070 - trading_bot - INFO - Portfólio: $100.02 | USDT: 85.02 | BTC: 0.00013921 | Custo Médio: $107,779.20
2025-06-25 16:49:58,071 - trading_bot - INFO - --- 🔄 Ciclo 55/500 ---
2025-06-25 16:49:58,349 - trading_bot - INFO - 💹 Preço BTC: $107,776.71
2025-06-25 16:49:58,399 - trading_bot - INFO - Intuição ML -> Compra: 1.34x, Venda: 1.74x | Metas -> Lucro: 0.069%, Queda: 0.134%
2025-06-25 16:49:58,399 - trading_bot - INFO - Posição aberta. P/L atual: -0.00%
2025-06-25 16:49:58,400 - trading_bot - INFO - Portfólio: $100.02 | USDT: 85.02 | BTC: 0.00013921 | Custo Médio: $107,779.20
2025-06-25 16:50:03,400 - trading_bot - INFO - --- 🔄 Ciclo 56/500 ---
2025-06-25 16:50:03,685 - trading_bot - INFO - 💹 Preço BTC: $107,775.99
2025-06-25 16:50:03,730 - trading_bot - INFO - Intuição ML -> Compra: 1.34x, Venda: 1.74x | Metas -> Lucro: 0.069%, Queda: 0.134%
2025-06-25 16:50:03,730 - trading_bot - INFO - Posição aberta. P/L atual: -0.00%
2025-06-25 16:50:03,730 - trading_bot - INFO - Portfólio: $100.02 | USDT: 85.02 | BTC: 0.00013921 | Custo Médio: $107,779.20
2025-06-25 16:50:08,731 - trading_bot - INFO - --- 🔄 Ciclo 57/500 ---
2025-06-25 16:50:09,017 - trading_bot - INFO - 💹 Preço BTC: $107,784.23
2025-06-25 16:50:09,062 - trading_bot - INFO - Intuição ML -> Compra: 1.34x, Venda: 1.74x | Metas -> Lucro: 0.069%, Queda: 0.134%
2025-06-25 16:50:09,063 - trading_bot - INFO - Posição aberta. P/L atual: +0.00%
2025-06-25 16:50:09,063 - trading_bot - INFO - Portfólio: $100.02 | USDT: 85.02 | BTC: 0.00013921 | Custo Médio: $107,779.20
2025-06-25 16:50:14,063 - trading_bot - INFO - --- 🔄 Ciclo 58/500 ---
2025-06-25 16:50:14,343 - trading_bot - INFO - 💹 Preço BTC: $107,788.61
2025-06-25 16:50:14,389 - trading_bot - INFO - Intuição ML -> Compra: 1.34x, Venda: 1.74x | Metas -> Lucro: 0.069%, Queda: 0.134%
2025-06-25 16:50:14,390 - trading_bot - INFO - Posição aberta. P/L atual: +0.01%
2025-06-25 16:50:14,390 - trading_bot - INFO - Portfólio: $100.02 | USDT: 85.02 | BTC: 0.00013921 | Custo Médio: $107,779.20
2025-06-25 16:50:19,390 - trading_bot - INFO - --- 🔄 Ciclo 59/500 ---
2025-06-25 16:50:19,663 - trading_bot - INFO - 💹 Preço BTC: $107,789.69
2025-06-25 16:50:19,709 - trading_bot - INFO - Intuição ML -> Compra: 1.34x, Venda: 1.74x | Metas -> Lucro: 0.069%, Queda: 0.134%
2025-06-25 16:50:19,710 - trading_bot - INFO - Posição aberta. P/L atual: +0.01%
2025-06-25 16:50:19,710 - trading_bot - INFO - Portfólio: $100.02 | USDT: 85.02 | BTC: 0.00013921 | Custo Médio: $107,779.20
2025-06-25 16:50:24,711 - trading_bot - INFO - --- 🔄 Ciclo 60/500 ---
2025-06-25 16:50:24,993 - trading_bot - INFO - 💹 Preço BTC: $107,789.70
2025-06-25 16:50:25,061 - trading_bot - INFO - Intuição ML -> Compra: 1.34x, Venda: 1.74x | Metas -> Lucro: 0.069%, Queda: 0.134%
2025-06-25 16:50:25,062 - trading_bot - INFO - Posição aberta. P/L atual: +0.01%
2025-06-25 16:50:25,062 - trading_bot - INFO - Portfólio: $100.02 | USDT: 85.02 | BTC: 0.00013921 | Custo Médio: $107,779.20
2025-06-25 16:50:30,063 - trading_bot - INFO - --- 🔄 Ciclo 61/500 ---
2025-06-25 16:50:30,342 - trading_bot - INFO - 💹 Preço BTC: $107,789.71
2025-06-25 16:50:30,409 - trading_bot - INFO - Intuição ML -> Compra: 1.34x, Venda: 1.74x | Metas -> Lucro: 0.069%, Queda: 0.134%
2025-06-25 16:50:30,409 - trading_bot - INFO - Posição aberta. P/L atual: +0.01%
2025-06-25 16:50:30,409 - trading_bot - INFO - Portfólio: $100.02 | USDT: 85.02 | BTC: 0.00013921 | Custo Médio: $107,779.20
2025-06-25 16:50:35,410 - trading_bot - INFO - --- 🔄 Ciclo 62/500 ---
2025-06-25 16:50:35,680 - trading_bot - INFO - 💹 Preço BTC: $107,790.30
2025-06-25 16:50:35,726 - trading_bot - INFO - Intuição ML -> Compra: 1.34x, Venda: 1.74x | Metas -> Lucro: 0.069%, Queda: 0.134%
2025-06-25 16:50:35,726 - trading_bot - INFO - Posição aberta. P/L atual: +0.01%
2025-06-25 16:50:35,727 - trading_bot - INFO - Portfólio: $100.02 | USDT: 85.02 | BTC: 0.00013921 | Custo Médio: $107,779.20
2025-06-25 16:50:40,727 - trading_bot - INFO - --- 🔄 Ciclo 63/500 ---
2025-06-25 16:50:41,003 - trading_bot - INFO - 💹 Preço BTC: $107,791.88
2025-06-25 16:50:41,048 - trading_bot - INFO - Intuição ML -> Compra: 1.34x, Venda: 1.74x | Metas -> Lucro: 0.069%, Queda: 0.134%
2025-06-25 16:50:41,048 - trading_bot - INFO - Posição aberta. P/L atual: +0.01%
2025-06-25 16:50:41,049 - trading_bot - INFO - Portfólio: $100.02 | USDT: 85.02 | BTC: 0.00013921 | Custo Médio: $107,779.20
2025-06-25 16:50:46,050 - trading_bot - INFO - --- 🔄 Ciclo 64/500 ---
2025-06-25 16:50:46,331 - trading_bot - INFO - 💹 Preço BTC: $107,796.96
2025-06-25 16:50:46,371 - trading_bot - INFO - Intuição ML -> Compra: 1.34x, Venda: 1.74x | Metas -> Lucro: 0.069%, Queda: 0.134%
2025-06-25 16:50:46,371 - trading_bot - INFO - Posição aberta. P/L atual: +0.02%
2025-06-25 16:50:46,371 - trading_bot - INFO - Portfólio: $100.03 | USDT: 85.02 | BTC: 0.00013921 | Custo Médio: $107,779.20
2025-06-25 16:50:51,372 - trading_bot - INFO - --- 🔄 Ciclo 65/500 ---
2025-06-25 16:50:51,653 - trading_bot - INFO - 💹 Preço BTC: $107,798.55
2025-06-25 16:50:51,693 - trading_bot - INFO - Intuição ML -> Compra: 1.34x, Venda: 1.74x | Metas -> Lucro: 0.069%, Queda: 0.134%
2025-06-25 16:50:51,693 - trading_bot - INFO - Posição aberta. P/L atual: +0.02%
2025-06-25 16:50:51,693 - trading_bot - INFO - Portfólio: $100.03 | USDT: 85.02 | BTC: 0.00013921 | Custo Médio: $107,779.20
2025-06-25 16:50:56,694 - trading_bot - INFO - --- 🔄 Ciclo 66/500 ---
2025-06-25 16:50:56,972 - trading_bot - INFO - 💹 Preço BTC: $107,803.52
2025-06-25 16:50:57,019 - trading_bot - INFO - Intuição ML -> Compra: 1.32x, Venda: 1.74x | Metas -> Lucro: 0.069%, Queda: 0.136%
2025-06-25 16:50:57,020 - trading_bot - INFO - Posição aberta. P/L atual: +0.02%
2025-06-25 16:50:57,020 - trading_bot - INFO - Portfólio: $100.03 | USDT: 85.02 | BTC: 0.00013921 | Custo Médio: $107,779.20
2025-06-25 16:51:02,020 - trading_bot - INFO - --- 🔄 Ciclo 67/500 ---
2025-06-25 16:51:02,295 - trading_bot - INFO - 💹 Preço BTC: $107,803.86
2025-06-25 16:51:02,335 - trading_bot - INFO - Intuição ML -> Compra: 1.32x, Venda: 1.74x | Metas -> Lucro: 0.069%, Queda: 0.136%
2025-06-25 16:51:02,335 - trading_bot - INFO - Posição aberta. P/L atual: +0.02%
2025-06-25 16:51:02,335 - trading_bot - INFO - Portfólio: $100.03 | USDT: 85.02 | BTC: 0.00013921 | Custo Médio: $107,779.20
2025-06-25 16:51:07,336 - trading_bot - INFO - --- 🔄 Ciclo 68/500 ---
2025-06-25 16:51:07,617 - trading_bot - INFO - 💹 Preço BTC: $107,803.88
2025-06-25 16:51:07,656 - trading_bot - INFO - Intuição ML -> Compra: 1.32x, Venda: 1.74x | Metas -> Lucro: 0.069%, Queda: 0.136%
2025-06-25 16:51:07,656 - trading_bot - INFO - Posição aberta. P/L atual: +0.02%
2025-06-25 16:51:07,657 - trading_bot - INFO - Portfólio: $100.03 | USDT: 85.02 | BTC: 0.00013921 | Custo Médio: $107,779.20
2025-06-25 16:51:12,657 - trading_bot - INFO - --- 🔄 Ciclo 69/500 ---
2025-06-25 16:51:12,939 - trading_bot - INFO - 💹 Preço BTC: $107,804.00
2025-06-25 16:51:12,976 - trading_bot - INFO - Intuição ML -> Compra: 1.32x, Venda: 1.74x | Metas -> Lucro: 0.069%, Queda: 0.136%
2025-06-25 16:51:12,976 - trading_bot - INFO - Posição aberta. P/L atual: +0.02%
2025-06-25 16:51:12,977 - trading_bot - INFO - Portfólio: $100.03 | USDT: 85.02 | BTC: 0.00013921 | Custo Médio: $107,779.20
2025-06-25 16:51:17,977 - trading_bot - INFO - --- 🔄 Ciclo 70/500 ---
2025-06-25 16:51:18,779 - trading_bot - INFO - 💹 Preço BTC: $107,803.89
2025-06-25 16:51:18,831 - trading_bot - INFO - Intuição ML -> Compra: 1.32x, Venda: 1.74x | Metas -> Lucro: 0.069%, Queda: 0.136%
2025-06-25 16:51:18,831 - trading_bot - INFO - Posição aberta. P/L atual: +0.02%
2025-06-25 16:51:18,831 - trading_bot - INFO - Portfólio: $100.03 | USDT: 85.02 | BTC: 0.00013921 | Custo Médio: $107,779.20
2025-06-25 16:51:23,832 - trading_bot - INFO - --- 🔄 Ciclo 71/500 ---
2025-06-25 16:51:24,109 - trading_bot - INFO - 💹 Preço BTC: $107,814.03
2025-06-25 16:51:24,148 - trading_bot - INFO - Intuição ML -> Compra: 1.32x, Venda: 1.74x | Metas -> Lucro: 0.069%, Queda: 0.136%
2025-06-25 16:51:24,148 - trading_bot - INFO - Posição aberta. P/L atual: +0.03%
2025-06-25 16:51:24,148 - trading_bot - INFO - Portfólio: $100.03 | USDT: 85.02 | BTC: 0.00013921 | Custo Médio: $107,779.20
2025-06-25 16:51:29,149 - trading_bot - INFO - --- 🔄 Ciclo 72/500 ---
2025-06-25 16:51:29,420 - trading_bot - INFO - 💹 Preço BTC: $107,813.92
2025-06-25 16:51:29,458 - trading_bot - INFO - Intuição ML -> Compra: 1.32x, Venda: 1.74x | Metas -> Lucro: 0.069%, Queda: 0.136%
2025-06-25 16:51:29,458 - trading_bot - INFO - Posição aberta. P/L atual: +0.03%
2025-06-25 16:51:29,458 - trading_bot - INFO - Portfólio: $100.03 | USDT: 85.02 | BTC: 0.00013921 | Custo Médio: $107,779.20
2025-06-25 16:51:34,459 - trading_bot - INFO - --- 🔄 Ciclo 73/500 ---
2025-06-25 16:51:34,735 - trading_bot - INFO - 💹 Preço BTC: $107,813.92
2025-06-25 16:51:34,773 - trading_bot - INFO - Intuição ML -> Compra: 1.32x, Venda: 1.74x | Metas -> Lucro: 0.069%, Queda: 0.136%
2025-06-25 16:51:34,773 - trading_bot - INFO - Posição aberta. P/L atual: +0.03%
2025-06-25 16:51:34,773 - trading_bot - INFO - Portfólio: $100.03 | USDT: 85.02 | BTC: 0.00013921 | Custo Médio: $107,779.20
2025-06-25 16:51:47,356 - trading_bot - INFO - ✅ Conectado à Binance Testnet
2025-06-25 16:51:47,632 - trading_bot - INFO - ✅ Ping bem-sucedido!
2025-06-25 16:51:47,915 - trading_bot - INFO - ✅ Acesso à conta confirmado - Tipo: SPOT
2025-06-25 16:51:47,922 - trading_bot - INFO - ✅ Estado carregado. Custo Médio: $107,779.20
2025-06-25 16:51:47,923 - trading_bot - INFO - 🚀 A inicializar o Trader com Trailing Stop...
2025-06-25 16:51:47,926 - trading_bot - INFO - Arquivo de dados existente. Buscando novos dados a partir de 2025-06-25 19:00:00
2025-06-25 16:51:49,041 - trading_bot - INFO - ✅ 1 novos registros adicionados a data/historical_data.csv
2025-06-25 16:51:49,100 - trading_bot - INFO - ✅ Modelo de Intuição Adaptativa carregado com sucesso.
2025-06-25 16:51:49,100 - trading_bot - INFO - ✅ Bot inicializado com sucesso!
2025-06-25 16:51:49,100 - trading_bot - INFO - --- 🔄 Ciclo 1/500 ---
2025-06-25 16:51:49,879 - trading_bot - INFO - 💹 Preço BTC: $107,814.05
2025-06-25 16:51:49,930 - trading_bot - INFO - 🚀 Stop de lucro subiu para $107,652.33
2025-06-25 16:51:49,931 - trading_bot - INFO - Posição aberta. P/L: +0.032%. Stop em $107,652.33
2025-06-25 16:51:49,931 - trading_bot - INFO - Portfólio: $100.03 | USDT: 85.02 | BTC: 0.00013921
2025-06-25 16:51:54,931 - trading_bot - INFO - --- 🔄 Ciclo 2/500 ---
2025-06-25 16:51:55,206 - trading_bot - INFO - 💹 Preço BTC: $107,814.05
2025-06-25 16:51:55,246 - trading_bot - INFO - Posição aberta. P/L: +0.032%. Stop em $107,652.33
2025-06-25 16:51:55,246 - trading_bot - INFO - Portfólio: $100.03 | USDT: 85.02 | BTC: 0.00013921
2025-06-25 16:52:00,246 - trading_bot - INFO - --- 🔄 Ciclo 3/500 ---
2025-06-25 16:52:00,526 - trading_bot - INFO - 💹 Preço BTC: $107,814.07
2025-06-25 16:52:00,566 - trading_bot - INFO - 🚀 Stop de lucro subiu para $107,652.35
2025-06-25 16:52:00,566 - trading_bot - INFO - Posição aberta. P/L: +0.032%. Stop em $107,652.35
2025-06-25 16:52:00,567 - trading_bot - INFO - Portfólio: $100.03 | USDT: 85.02 | BTC: 0.00013921
2025-06-25 16:52:05,567 - trading_bot - INFO - --- 🔄 Ciclo 4/500 ---
2025-06-25 16:52:05,842 - trading_bot - INFO - 💹 Preço BTC: $107,721.03
2025-06-25 16:52:05,877 - trading_bot - INFO - Posição aberta. P/L: -0.054%. Stop em $107,652.35
2025-06-25 16:52:05,877 - trading_bot - INFO - Portfólio: $100.01 | USDT: 85.02 | BTC: 0.00013921
2025-06-25 16:52:10,878 - trading_bot - INFO - --- 🔄 Ciclo 5/500 ---
2025-06-25 16:52:11,151 - trading_bot - INFO - 💹 Preço BTC: $107,721.41
2025-06-25 16:52:11,186 - trading_bot - INFO - Posição aberta. P/L: -0.054%. Stop em $107,652.35
2025-06-25 16:52:11,187 - trading_bot - INFO - Portfólio: $100.01 | USDT: 85.02 | BTC: 0.00013921
2025-06-25 16:52:16,187 - trading_bot - INFO - --- 🔄 Ciclo 6/500 ---
2025-06-25 16:52:16,461 - trading_bot - INFO - 💹 Preço BTC: $107,755.50
2025-06-25 16:52:16,497 - trading_bot - INFO - Posição aberta. P/L: -0.022%. Stop em $107,652.35
2025-06-25 16:52:16,497 - trading_bot - INFO - Portfólio: $100.02 | USDT: 85.02 | BTC: 0.00013921
2025-06-25 16:52:21,498 - trading_bot - INFO - --- 🔄 Ciclo 7/500 ---
2025-06-25 16:52:21,768 - trading_bot - INFO - 💹 Preço BTC: $107,755.49
2025-06-25 16:52:21,807 - trading_bot - INFO - Posição aberta. P/L: -0.022%. Stop em $107,652.35
2025-06-25 16:52:21,807 - trading_bot - INFO - Portfólio: $100.02 | USDT: 85.02 | BTC: 0.00013921
2025-06-25 16:52:26,808 - trading_bot - INFO - --- 🔄 Ciclo 8/500 ---
2025-06-25 16:52:27,598 - trading_bot - INFO - 💹 Preço BTC: $107,755.49
2025-06-25 16:52:27,643 - trading_bot - INFO - Posição aberta. P/L: -0.022%. Stop em $107,652.35
2025-06-25 16:52:27,643 - trading_bot - INFO - Portfólio: $100.02 | USDT: 85.02 | BTC: 0.00013921
2025-06-25 16:52:32,644 - trading_bot - INFO - --- 🔄 Ciclo 9/500 ---
2025-06-25 16:52:32,923 - trading_bot - INFO - 💹 Preço BTC: $107,755.53
2025-06-25 16:52:32,963 - trading_bot - INFO - Posição aberta. P/L: -0.022%. Stop em $107,652.35
2025-06-25 16:52:32,963 - trading_bot - INFO - Portfólio: $100.02 | USDT: 85.02 | BTC: 0.00013921
2025-06-25 16:52:37,963 - trading_bot - INFO - --- 🔄 Ciclo 10/500 ---
2025-06-25 16:52:38,244 - trading_bot - INFO - 💹 Preço BTC: $107,755.50
2025-06-25 16:52:38,282 - trading_bot - INFO - Posição aberta. P/L: -0.022%. Stop em $107,652.35
2025-06-25 16:52:38,282 - trading_bot - INFO - Portfólio: $100.02 | USDT: 85.02 | BTC: 0.00013921
2025-06-25 16:52:43,283 - trading_bot - INFO - --- 🔄 Ciclo 11/500 ---
2025-06-25 16:52:43,563 - trading_bot - INFO - 💹 Preço BTC: $107,755.50
2025-06-25 16:52:43,604 - trading_bot - INFO - Posição aberta. P/L: -0.022%. Stop em $107,652.35
2025-06-25 16:52:43,604 - trading_bot - INFO - Portfólio: $100.02 | USDT: 85.02 | BTC: 0.00013921
2025-06-25 16:52:48,605 - trading_bot - INFO - --- 🔄 Ciclo 12/500 ---
2025-06-25 16:52:48,883 - trading_bot - INFO - 💹 Preço BTC: $107,755.49
2025-06-25 16:52:48,921 - trading_bot - INFO - Posição aberta. P/L: -0.022%. Stop em $107,652.35
2025-06-25 16:52:48,921 - trading_bot - INFO - Portfólio: $100.02 | USDT: 85.02 | BTC: 0.00013921
2025-06-25 16:52:53,922 - trading_bot - INFO - --- 🔄 Ciclo 13/500 ---
2025-06-25 16:52:54,199 - trading_bot - INFO - 💹 Preço BTC: $107,757.97
2025-06-25 16:52:54,238 - trading_bot - INFO - Posição aberta. P/L: -0.020%. Stop em $107,652.35
2025-06-25 16:52:54,238 - trading_bot - INFO - Portfólio: $100.02 | USDT: 85.02 | BTC: 0.00013921
2025-06-25 16:52:59,238 - trading_bot - INFO - --- 🔄 Ciclo 14/500 ---
2025-06-25 16:52:59,517 - trading_bot - INFO - 💹 Preço BTC: $107,754.16
2025-06-25 16:52:59,555 - trading_bot - INFO - Posição aberta. P/L: -0.023%. Stop em $107,652.35
2025-06-25 16:52:59,556 - trading_bot - INFO - Portfólio: $100.02 | USDT: 85.02 | BTC: 0.00013921
2025-06-25 16:53:04,556 - trading_bot - INFO - --- 🔄 Ciclo 15/500 ---
2025-06-25 16:53:04,840 - trading_bot - INFO - 💹 Preço BTC: $107,739.32
2025-06-25 16:53:04,881 - trading_bot - INFO - Posição aberta. P/L: -0.037%. Stop em $107,652.35
2025-06-25 16:53:04,881 - trading_bot - INFO - Portfólio: $100.02 | USDT: 85.02 | BTC: 0.00013921
2025-06-25 16:53:09,882 - trading_bot - INFO - --- 🔄 Ciclo 16/500 ---
2025-06-25 16:53:10,363 - trading_bot - INFO - 💹 Preço BTC: $107,735.33
2025-06-25 16:53:10,400 - trading_bot - INFO - Posição aberta. P/L: -0.041%. Stop em $107,652.35
2025-06-25 16:53:10,401 - trading_bot - INFO - Portfólio: $100.02 | USDT: 85.02 | BTC: 0.00013921
2025-06-25 16:53:15,401 - trading_bot - INFO - --- 🔄 Ciclo 17/500 ---
2025-06-25 16:53:15,674 - trading_bot - INFO - 💹 Preço BTC: $107,733.94
2025-06-25 16:53:15,709 - trading_bot - INFO - Posição aberta. P/L: -0.042%. Stop em $107,652.35
2025-06-25 16:53:15,710 - trading_bot - INFO - Portfólio: $100.02 | USDT: 85.02 | BTC: 0.00013921
2025-06-25 16:53:20,710 - trading_bot - INFO - --- 🔄 Ciclo 18/500 ---
2025-06-25 16:53:20,988 - trading_bot - INFO - 💹 Preço BTC: $107,733.94
2025-06-25 16:53:21,024 - trading_bot - INFO - Posição aberta. P/L: -0.042%. Stop em $107,652.35
2025-06-25 16:53:21,025 - trading_bot - INFO - Portfólio: $100.02 | USDT: 85.02 | BTC: 0.00013921
2025-06-25 16:53:26,025 - trading_bot - INFO - --- 🔄 Ciclo 19/500 ---
2025-06-25 16:53:26,304 - trading_bot - INFO - 💹 Preço BTC: $107,733.93
2025-06-25 16:53:26,342 - trading_bot - INFO - Posição aberta. P/L: -0.042%. Stop em $107,652.35
2025-06-25 16:53:26,343 - trading_bot - INFO - Portfólio: $100.02 | USDT: 85.02 | BTC: 0.00013921
2025-06-25 16:53:31,343 - trading_bot - INFO - --- 🔄 Ciclo 20/500 ---
2025-06-25 16:53:31,624 - trading_bot - INFO - 💹 Preço BTC: $107,733.96
2025-06-25 16:53:31,668 - trading_bot - INFO - Posição aberta. P/L: -0.042%. Stop em $107,652.35
2025-06-25 16:53:31,669 - trading_bot - INFO - Portfólio: $100.02 | USDT: 85.02 | BTC: 0.00013921
2025-06-25 16:53:36,669 - trading_bot - INFO - --- 🔄 Ciclo 21/500 ---
2025-06-25 16:53:36,940 - trading_bot - INFO - 💹 Preço BTC: $107,734.20
2025-06-25 16:53:36,978 - trading_bot - INFO - Posição aberta. P/L: -0.042%. Stop em $107,652.35
2025-06-25 16:53:36,979 - trading_bot - INFO - Portfólio: $100.02 | USDT: 85.02 | BTC: 0.00013921
2025-06-25 16:53:41,979 - trading_bot - INFO - --- 🔄 Ciclo 22/500 ---
2025-06-25 16:53:42,255 - trading_bot - INFO - 💹 Preço BTC: $107,735.35
2025-06-25 16:53:42,302 - trading_bot - INFO - Posição aberta. P/L: -0.041%. Stop em $107,652.35
2025-06-25 16:53:42,302 - trading_bot - INFO - Portfólio: $100.02 | USDT: 85.02 | BTC: 0.00013921
2025-06-25 16:53:47,302 - trading_bot - INFO - --- 🔄 Ciclo 23/500 ---
2025-06-25 16:53:47,580 - trading_bot - INFO - 💹 Preço BTC: $107,734.95
2025-06-25 16:53:47,619 - trading_bot - INFO - Posição aberta. P/L: -0.041%. Stop em $107,652.35
2025-06-25 16:53:47,620 - trading_bot - INFO - Portfólio: $100.02 | USDT: 85.02 | BTC: 0.00013921
2025-06-25 16:53:52,620 - trading_bot - INFO - --- 🔄 Ciclo 24/500 ---
2025-06-25 16:53:52,897 - trading_bot - INFO - 💹 Preço BTC: $107,720.07
2025-06-25 16:53:52,935 - trading_bot - INFO - Posição aberta. P/L: -0.055%. Stop em $107,652.35
2025-06-25 16:53:52,935 - trading_bot - INFO - Portfólio: $100.01 | USDT: 85.02 | BTC: 0.00013921
2025-06-25 16:53:57,936 - trading_bot - INFO - --- 🔄 Ciclo 25/500 ---
2025-06-25 16:53:58,212 - trading_bot - INFO - 💹 Preço BTC: $107,735.51
2025-06-25 16:53:58,252 - trading_bot - INFO - Posição aberta. P/L: -0.041%. Stop em $107,652.35
2025-06-25 16:53:58,253 - trading_bot - INFO - Portfólio: $100.02 | USDT: 85.02 | BTC: 0.00013921
2025-06-25 16:54:03,253 - trading_bot - INFO - --- 🔄 Ciclo 26/500 ---
2025-06-25 16:54:03,566 - trading_bot - INFO - 💹 Preço BTC: $107,735.51
2025-06-25 16:54:03,605 - trading_bot - INFO - Posição aberta. P/L: -0.041%. Stop em $107,652.35
2025-06-25 16:54:03,605 - trading_bot - INFO - Portfólio: $100.02 | USDT: 85.02 | BTC: 0.00013921
2025-06-25 16:54:08,606 - trading_bot - INFO - --- 🔄 Ciclo 27/500 ---
2025-06-25 16:54:08,879 - trading_bot - INFO - 💹 Preço BTC: $107,731.50
2025-06-25 16:54:08,917 - trading_bot - INFO - Posição aberta. P/L: -0.044%. Stop em $107,652.35
2025-06-25 16:54:08,917 - trading_bot - INFO - Portfólio: $100.02 | USDT: 85.02 | BTC: 0.00013921
2025-06-25 16:54:13,918 - trading_bot - INFO - --- 🔄 Ciclo 28/500 ---
2025-06-25 16:54:14,194 - trading_bot - INFO - 💹 Preço BTC: $107,720.06
2025-06-25 16:54:14,244 - trading_bot - INFO - Posição aberta. P/L: -0.055%. Stop em $107,652.35
2025-06-25 16:54:14,244 - trading_bot - INFO - Portfólio: $100.01 | USDT: 85.02 | BTC: 0.00013921
2025-06-25 16:54:19,245 - trading_bot - INFO - --- 🔄 Ciclo 29/500 ---
2025-06-25 16:54:19,526 - trading_bot - INFO - 💹 Preço BTC: $107,712.32
2025-06-25 16:54:19,565 - trading_bot - INFO - Posição aberta. P/L: -0.062%. Stop em $107,652.35
2025-06-25 16:54:19,565 - trading_bot - INFO - Portfólio: $100.01 | USDT: 85.02 | BTC: 0.00013921
